2023-05-24 23:35:35,788 - PortfolioProvider - INFO - Chrome instance initialized for webdriver.
20232023-05-24 23:39:35,769 - JSONDealer - INFO - Creating JSON File for /logs/2023-05-24-23_39_35coreProcess_companies.json.
2023-05-24 23:39:35,772 - CompanyFilteration - INFO - Processed profitable company.
2023-05-24 23:39:35,772 - JSONDealer - INFO - Creating JSON File for /logs/2023-05-24-23_39_35coreProcess_profitableCompanies.json.
2023-05-24 23:39:35,773 - root - INFO - Ended main process at 91824.9548521
2023-05-24 23:39:35,773 - root - INFO - Total time taken for core process to run : 4.073268106666607 minutes
2023-05-24 23:39:35,774 - root - INFO - 224 names, 89 processed companies, 32 selected companies
2023-05-24 23:39:35,774 - root - INFO - Iteration completed by version Dev_V1.0.0.1 with process limit 16 under .
ion extraction success for MUTHOOTFIN
2023-05-24 23:36:38,345 - JSONDealer - INFO - Converting string values to dictionary.
2023-05-24 232023-05-24 23:36:38,382 - PortfolioProvider - INFO - Information extraction success for BAJAJ-AUTO
2023-05-24 23:36:38,383 - JSONDealer - INFO - Converting str2023-05-24 23:36:40,402 - PortfolioProvider - INFO - Information extraction started for DAAWAT
2023-05-24 23:36:41,904 - PortfolioProvider - INFO - Chrome instance initialized for webdriver.
2023-05-24 23:36:49,332 - PortfolioProvider - ERROR - Error in companyParser for DAAWAT with Error :Message: no 2023-05-24 23:36:49,965 - PortfolioProvider - I2023-05-24 23:36:50,307 - PortfolioProvider - INFO - Information extraction success for INDHOTEL
2023-05-24 23:36:50,307 - JSONDealer - INFO - Converting string values to dictionary.
2023-05-24 23:36:50,307 - JSONDealer - INFO - Converting string values to dictionary.
2023-05-24 23:36:50,308 - JSONDealer 2023-05-24 23:36:51,996 - PortfolioProvider - I2023-05-24 23:36:52,334 - PortfolioProvider - I2023-05-24 23:36:53,547 - PortfolioProvider - INFO - 2023-05-24 23:36:53,710 - PortfolioProvider 2023-05-24 23:37:01,009 - PortfolioProvider - ERROR -2023-05-24 23:37:01,098 - PortfolioProvider - ERROR - Error in companyParser for MANAPPURAM with Error :Message: no such element: Unable to locate element: {"method":"css selector","selector":"[id="top-ratios"]"}
  (Session info: headless chrome=113.0.5672.127)
Stacktrace:
Backtrace:
	GetHandleVerifier [0x00638893+48451]
	(No symbol) [0x005CB8A1]
	(No symbol) [0x004D5058]
	(No symbol) [0x00500467]
	(No symbol) [0x0050069B]
	(No symbol) [0x0052DD92]
	(No symbol) [0x0051A304]
	(No symbol) [0x0052C482]
	(No symbol) [0x0051A0B6]
	(No symbol) [0x004F7E08]
	(No symbol) [0x004F8F2D]
	GetHandleVerifier [0x00898E3A+2540266]
	G2023-05-24 23:37:01,507 2023-05-24 23:37:01,890 - PortfolioProvider - INFO - Information extraction success for PIIND
2023-05-24 23:37:01,891 - JSONDealer - INFO - Converting string values to dictionary.
2023-05-24 23:37:01,891 - JSONDealer - INFO - Converting string values to dictiona2023-05-24 23:37:03,063 - PortfolioProvider - INFO - Inform2023-05-22023-05-24 23:37:02023-05-24 2023-05-24 23:37:04,913 - PortfolioProvider - INFO - Chrome i2023-05-22023-05-24 23:2023-05-24 232023-05-24 23:37:12,700 - PortfolioProvider - ERROR - Error i2023-05-22023-05-24 23:2023-05-24 23:37:14,643 - PortfolioProvider - INFO - Information extraction success for IRCON
2023-05-24 23:37:14,644 - JSONDealer - INFO - Converting string values to dictionary.
2023-05-24 23:37:14,644 - JSONDealer - INFO - Converting string values to dictionary.
2023-05-24 23:37:14,644 - JSONDealer - INFO - Converted IRCON to schema format.
2023-05-24 23:37:16,687 - PortfolioProvider - INFO - Information extraction started for CHOLAFIN
2023-05-24 23:37:17,937 - PortfolioProvider - INFO - Chrome instance initialized for webdriver.
2023-05-24 23:37:25,296 - PortfolioProvider - ERROR - Error in companyParser for CHOLAFIN with Error :Message: no such element: Unable to locate element: {"method":"css selector","selector":"[id="top-ratios"]"}
  (Session info: headless chrome=113.0.5672.127)
Stacktrace:
Backtrace:
	GetHandleVerifier [0x00638893+48451]
	(No symbol) [0x005CB8A1]
	(No symbol) [0x004D5058]
	(No symbol) [0x00500467]
	(No symbol) [0x0050069B]
	(N2023-05-24 23:37:26,176 - PortfolioProvider - INFO - Information extraction success for GLOBUSSPR
2023-05-24 23:37:26,176 - JSONDealer - INFO - Converting string values to dictionary.
2023-05-24 23:37:26,177 - JSONDealer - INFO - Converting string values to dictionary.
2023-05-24 23:37:26,177 - JSONDealer - INFO - Converted GLOBUSSPR to schema format.
2023-05-24 23:37:28,226 - PortfolioProvider - INFO - Information extraction started for MARICO
2023-05-24 23:37:29,403 - PortfolioProvider - INFO - Chrome instance initialized for webdriver.
2023-05-24 23:37:36,764 - PortfolioProvider - ERROR - Error in companyParser for MARICO with Error :Message: no such element: Unable to locate element: {"method":"css selector","selector":"[id="top-ratios"]"}
  (Session info: headless chrome=113.0.5672.127)
Stacktrace:
Backtrace:
	GetHandleVerifier [0x00638893+48451]
	(No symbol) [0x005CB8A1]
	(No symbol) [0x004D5058]
	(No symbol) [0x00500467]
	(No symbol) [0x0050069B]
	(No symbol) [0x0052DD92]
	(No symbol) [0x0051A304]
	(No symbol) [0x0052C482]
	(No symbol) [0x0051A0B6]
	(No symbol) [0x004F7E08]
	(No symbol) [0x004F8F2D]
	GetHandleVerifier [0x00898E3A+2540266]
	GetHandleVerifier 2023-05-24 23:37:37,403 - PortfolioProvider - INFO - Information extraction success for RECLTD
2023-05-24 23:37:37,403 - JSONDealer - INFO - Converting string values to dictionary.
2023-05-24 23:37:37,404 - JSONDealer - INFO - Converting string values to dictionary.
2023-05-24 23:37:37,404 - JSONDealer - INFO - Converted RECL2023-05-24 23:37:38,792023-05-24 23:37:39,438 - PortfolioProvider - INFO - Information extrac2023-05-24 23:37:40,469 - 2023-05-24 23:37:40,914 - PortfolioProvider - INFO - Chrome instance in2023-05-24 23:37:48,086 - 2023-05-24 23:37:48,329 - PortfolioProvider - ERROR - Error in companyParser for SBILIFE wi2023-05-24 23:37:49,130 - PortfolioProvider - INFO - Information extraction success for DELTACORP
2023-05-24 23:37:49,131 - JSONDealer - INFO - Converting string values to dictionary.
2023-05-24 23:37:49,131 - JSONDealer - INFO - Converting string values to dictionary.
2023-05-24 23:37:49,131 - JSONDealer - INFO - Converted DELTACORP to schema form2023-2023-05-24 23:37:51,166 - PortfolioProvider - INFO - Information extraction started for UNITDSP2023-05-24 23:37:52,780 - PortfolioProvider - INFO - Chrome instance initialized for webdriver.
2023-05-24 23:38:00,241 - PortfolioProvider - ERROR - Error in com2023-05-24 23:38:01,441 - PortfolioProvider - INFO - Information extraction success for INFY
2023-05-24 23:38:01,442 - JSONDealer - INFO - Converting string values to dictionary.
2023-05-24 23:38:01,442 - JSONDealer - INFO - Converting string values to dictionary.
2023-05-24 23:38:01,442 - JSONDealer - INFO - Converted INFY to schema format.
2023-05-24 23:38:03,478 - PortfolioProvider - INFO - Information extraction started for CROMPTON
2023-05-24 23:38:04,870 - PortfolioProvider - INFO - Chrome instance initialized for webdriver.
2023-05-24 23:38:13,334 - PortfolioProvider - INFO - Information extraction success for CROMPTON
2023-05-24 23:38:13,335 - JSONDealer - INFO - Converting string values to dictionary.
2023-05-24 23:38:13,336 - JSONDealer - INFO - Converting string values to dictionary.
2023-05-24 23:38:13,336 - JSONDealer - INFO - Converted CROMPTON to schema format.
2023-05-24 23:38:15,365 - PortfolioProvider - INFO - Information extraction started for BATAINDIA
2023-05-24 23:38:16,667 - PortfolioProvider - INFO - Chrome instance initialized for webdriver.
2023-05-24 23:38:24,032 - PortfolioProvider - ERROR - Error in companyParser for BATAINDIA with Error :Message: no such element: Unable to locate element: {"method":"css selector","selector":"[id="top-ratios"]"}
  (Session info: headless chrome=113.0.5672.127)
Stacktrace:
Backtrace:
	GetHandleVerifier [0x00638893+48451]
	(No symbol) [0x005CB8A1]
	(No symbol) [0x004D5058]
	(No symbol) [0x00500467]
	(No symbol) [0x0050069B]
	(No symbol) [0x0052DD92]
	(No symbol) [0x0051A304]
	(No symbol) [0x0052C482]
	(No symbol) [0x0051A0B6]
	(No symbol) [0x004F7E08]
	(No symbol) [0x004F8F2D]
	GetHandleVerifier [0x00898E3A+2540266]
	GetHandleVerifier [0x008D8959+2801161]
	GetHandleVerifier [0x008D295C+2776588]
	GetHandleVerifier [0x006C2280+612144]
	(No symbol) [0x005D4F6C]
	(No symbol) [0x005D11D8]
	(No symbol) [0x005D12BB]
	(No symbol) [0x005C4857]
	BaseThreadInitThunk [0x763B7D59+25]
	RtlInitializeExceptionChain [0x777EB74B+107]
	RtlClearBits [0x777EB6CF+191]

2023-05-24 23:38:26,077 - PortfolioProvider - INFO - Information extraction started for HCLTECH
2023-05-24 23:38:27,818 - PortfolioProvider - INFO - Chrome instance initialized for webdriver.
2023-05-24 23:38:35,274 - PortfolioProvider - ERROR - Error in companyParser for HCLTECH with Error :Message: no such element: Unable to locate element: {"method":"css selector","selector":"[id="top-ratios"]"}
  (Session info: headless chrome=113.0.5672.127)
Stacktrace:
Backtrace:
	GetHandleVerifier [0x00638893+48451]
	(No symbol) [0x005CB8A1]
	(No symbol) [0x004D5058]
	(No symbol) [0x00500467]
	(No symbol) [0x0050069B]
	(No symbol) [0x0052DD92]
	(No symbol) [0x0051A304]
	(No symbol) [0x0052C482]
	(No symbol) [0x0051A0B6]
	(No symbol) [0x004F7E08]
	(No symbol) [0x004F8F2D]
	GetHandleVerifier [0x00898E3A+2540266]
	GetHandleVerifier [0x008D8959+2801161]
	GetHandleVerifier [0x008D295C+2776588]
	GetHandleVerifier [0x006C2280+612144]
	(No symbol) [0x005D4F6C]
	(No symbol) [0x005D11D8]
	(No symbol) [0x005D12BB]
	(No symbol) [0x005C4857]
	BaseThreadInitThunk [0x763B7D59+25]
	RtlInitializeExceptionChain [0x777EB74B+107]
	RtlClearBits [0x777EB6CF+191]

2023-05-24 23:38:37,328 - PortfolioProvider - INFO - Information extraction started for HAL
2023-05-24 23:38:38,874 - PortfolioProvider - INFO - Chrome instance initialized for webdriver.
2023-05-24 23:38:46,884 - PortfolioProvider - ERROR - Error in companyParser for HAL with Error :Message: no such element: Unable to locate element: {"method":"css selector","selector":"[id="top-ratios"]"}
  (Session info: headless chrome=113.0.5672.127)
Stacktrace:
Backtrace:
	GetHandleVerifier [0x00638893+48451]
	(No symbol) [0x005CB8A1]
	(No symbol) [0x004D5058]
	(No symbol) [0x00500467]
	(No symbol) [0x0050069B]
	(No symbol)2023-05-24 23:38:47,412 - PortfolioProvider - ERROR - Error in companyParser for JUBLFOOD with Error :Message: no such element: Unable to l2023-05-24 23:38:48,300 - PortfolioProvider - INFO - Information extraction success for ASIANPAINT
2023-05-24 23:38:48,301 - JSONDealer - INFO - Converting string values to dictionary.
2023-05-24 23:38:48,301 - JSONDealer - INFO - Converting string values to dictionary.
2023-05-24 23:38:48,301 - JSONDealer - INFO - Converted ASIANPAINT to schema format.
) [0x0052C482]
	(No symbol) [0x0051A0B6]2023-05-24 23:38:48,939 - PortfolioProvider - INFO - Information extraction started for HINDUNILVR
2023-05-24 23:38:50,078 - PortfolioProvider - INFO - Chrome instance initialized for webdriver.
2023-05-24 23:38:59,293 - PortfolioProvider - INFO - Information extraction success for HINDUNILVR
2023-05-24 23:38:59,294 - JSONDealer - INFO - Converting string values to dictionary.
2023-05-24 23:38:59,294 - JSONDealer - INFO - Converting string values to dictionary.
2023-05-24 23:38:59,294 - JSONDealer - INFO - Converted HINDUNILVR to schema format.
2023-05-24 23:39:01,342 - PortfolioProvider - INFO - Information extraction started for RATNAMANI
2023-05-24 23:39:02,390 - PortfolioProvider - INFO - Chrome instance initialized for webdriver.
2023-05-24 23:39:09,872 - PortfolioProvider - ERROR - Error in companyParser for RATNAMANI with Error :Message: no such element: Unable to locate element: {"method":"css selector","selector":"[id="top-ratios"]"}
  (Session info: headless chrome=113.0.5672.127)
Stacktrace:
Backtrace:
	GetHandleVerifier [0x00638893+48451]
	(No symbol) [0x005CB8A1]
	(No symbol) [0x004D5058]
	(No symbol) [0x00500467]
	(No symbol) [0x0050069B]
	(No symbol) [0x0052DD92]
	(No symbol) [0x0051A304]
	(No symbol) [0x0052C482]
	(No symbol) [0x0051A0B6]
	(No symbol) [0x2023-05-24 23:39:11,296 - PortfolioProvider - INFO - Information extraction success for BAJAJHLDNG
2023-05-24 23:39:11,296 - JSONDealer - INFO - Converting string values to dictionary.
2023-05-24 23:39:11,297 - JSONDealer - INFO - Converting string values to dictionary.
2023-05-24 23:39:11,297 - JSONDealer - INFO - Converted BAJAJHLDNG to schema format.
2023-05-24 23:39:13,336 - PortfolioProvider - INFO - Information extraction started for L&TFH
2023-05-24 23:39:14,407 - PortfolioProvider - INFO - Chrome instance initialized for webdriver.
2023-05-24 23:39:21,782 - PortfolioProvider - ERROR - Error in companyParser for L&TFH with Error :Message: no such element: Unable to locate element: {"method":"css selector","selector":"[id="top-ratios"]"}
  (Session info: headless chrome=113.0.5672.127)
Stacktrace:
Backtrace:
	GetHandleVerifier [0x00638893+48451]
	(No symbol) [0x005CB8A1]
	(No symbol) [0x004D5058]
	(No symbol) [0x00500467]
	(No symbol) [0x00502023-05-24 23:39:23,723 - PortfolioProvider - INFO - Information extraction started for NTPC
2023-05-24 23:39:24,719 - PortfolioProvider - INFO - Chrome instance initialized for webdriver.
2023-05-24 23:39:33,616 - PortfolioProvider - INFO - Information extraction success for NTPC
2023-05-24 23:39:33,617 - JSONDealer - INFO - Converting string values to dictionary.
2023-05-24 23:39:33,618 - JSONDealer - INFO - Converting string values to dictionary.
2023-05-24 23:39:33,618 - JSONDealer - INFO - Converted NTPC to schema format.
28 - JSONDealer - IN2023-05-24 23:39:23,801 - PortfolioProvider -2023-05-24 23:39:24,174 - PortfolioProvider - INFO - 2023-05-24 23:39:24,857 - PortfolioProvider - I2023-05-24 23:39:25,254 - PortfolioProvider - INFO2023-05-24 23:39:33,739 - PortfolioProvider - INFO - Information extraction success for DIVISLAB
2023-05-24 23:39:33,739 - JSONDealer - INFO - Converting string values to dictionary.
2023-05-24 23:39:33,739 - JSONDealer - INFO - Converting string values to dictionary.
2023-05-24 23:39:33,740 - JSONDealer - INFO - Converted DIVISLAB to schema format.
0x00638893+48451]
	(No symbol) [0x005CB8A1]
	(No symbol) [0x004D5058]
	(No symbol) [0x00500467]
	(No symbol) [0x0050069B]
	(No symbol) [0x0052DD92]
	(No symbol) [0x0051A304]
	(No symbol) [0x0052C482]
	(No symbol) [0x0051A0B6]
	(No symbol) [0x004F7E08]
	(No symbol) [0x004F8F2D]
	GetHandleVerifier [0x00898E3A+2540266]
	GetHandleVerifier [0x008D8959+2801161]
	GetHand2023-05-24 23:39:33,284 - PortfolioProvider - INFO - Information extraction success for DLF
2023-05-24 23:39:33,285 - JSONDealer - INFO - Converting string values to dictionary.
2023-05-24 23:39:33,286 - JSONDealer - INFO - Converting string values to dictionary.
2023-05-24 23:39:33,286 - JSONDealer - INFO - Converted DLF to schema format.

	GetHandleVerifier [0x00638893+48451]
	(No symbol) [0x005CB8A1]
	(No symbol) [0x004D5058]
	(No symbol) [0x00500467]
	(No symbol) [0x0050069B]
	(No symbol) [0x002023-05-24 23:39:32,862 - PortfolioProvider - INFO - Information extraction success for AMBER
2023-05-24 23:39:32,863 - JSONDealer - INFO - Converting string values to dictionary.
2023-05-24 23:39:32,863 - JSONDealer - INFO - Converting string2023-05-24 23:39:33,406 - PortfolioProvider - INFO - Information extraction success for PAYTM
2023-05-24 23:39:33,407 - JSONDealer - INFO - Converting string values to dictionary.
2023-05-24 23:39:33,407 - JSONDealer - INFO - Converting string values to dictionary.
2023-05-24 23:39:33,407 - JSONDealer - INFO - Converted PAYTM to schema format.
